# JRE version: OpenJDK Runtime Environment Temurin-17.0.10+7 (17.0.10+7) (build 17.0.10+7)
# Java VM: OpenJDK 64-Bit Server VM Temurin-17.0.10+7 (17.0.10+7, mixed mode, emulated-client, tiered, compressed oops, compressed class ptrs, g1 gc, windows-amd64)
GC Precious Log:
 CPUs: 8 total, 8 available
 Memory: 16315M
 Large Page Support: Disabled
 NUMA Support: Disabled
 Compressed Oops: Enabled (32-bit)
 Heap Region Size: 1M
 Heap Min Capacity: 8M
 Heap Initial Capacity: 256M
 Heap Max Capacity: 1G
 Pre-touch: Disabled
 Parallel Workers: 8
 Concurrent Workers: 2
 Concurrent Refinement Workers: 8
 Periodic GC: Disabled
Heap:
 garbage-first heap   total 81920K, used 24484K [0x00000000c0000000, 0x0000000100000000)
  region size 1024K, 1 young (1024K), 0 survivors (0K)
 Metaspace       used 38977K, committed 39552K, reserved 1114112K
  class space    used 5142K, committed 5376K, reserved 1048576K
GC Heap History (20 events):
Event: 23672.863 GC heap before
{Heap before GC invocations=2224 (full 2214):
 garbage-first heap   total 81920K, used 24484K [0x00000000c0000000, 0x0000000100000000)
  region size 1024K, 1 young (1024K), 0 survivors (0K)
 Metaspace       used 38977K, committed 39552K, reserved 1114112K
  class space    used 5142K, committed 5376K, reserved 1048576K
}
Event: 23672.895 GC heap after
{Heap after GC invocations=2225 (full 2215):
 garbage-first heap   total 81920K, used 24484K [0x00000000c0000000, 0x0000000100000000)
  region size 1024K, 0 young (0K), 0 survivors (0K)
 Metaspace       used 38977K, committed 39552K, reserved 1114112K
  class space    used 5142K, committed 5376K, reserved 1048576K
}
Event: 23683.302 GC heap before
{Heap before GC invocations=2225 (full 2215):
 garbage-first heap   total 81920K, used 24484K [0x00000000c0000000, 0x0000000100000000)
  region size 1024K, 1 young (1024K), 0 survivors (0K)
 Metaspace       used 38977K, committed 39552K, reserved 1114112K
  class space    used 5142K, committed 5376K, reserved 1048576K
}
Event: 23683.323 GC heap after
{Heap after GC invocations=2226 (full 2216):
 garbage-first heap   total 81920K, used 24484K [0x00000000c0000000, 0x0000000100000000)
  region size 1024K, 0 young (0K), 0 survivors (0K)
 Metaspace       used 38977K, committed 39552K, reserved 1114112K
  class space    used 5142K, committed 5376K, reserved 1048576K
}
Event: 23693.732 GC heap before
{Heap before GC invocations=2226 (full 2216):
 garbage-first heap   total 81920K, used 24484K [0x00000000c0000000, 0x0000000100000000)
  region size 1024K, 1 young (1024K), 0 survivors (0K)
 Metaspace       used 38977K, committed 39552K, reserved 1114112K
  class space    used 5142K, committed 5376K, reserved 1048576K
}
Event: 23693.757 GC heap after
{Heap after GC invocations=2227 (full 2217):
 garbage-first heap   total 81920K, used 24484K [0x00000000c0000000, 0x0000000100000000)
  region size 1024K, 0 young (0K), 0 survivors (0K)
 Metaspace       used 38977K, committed 39552K, reserved 1114112K
  class space    used 5142K, committed 5376K, reserved 1048576K
}
Event: 23704.345 GC heap before
{Heap before GC invocations=2227 (full 2217):
 garbage-first heap   total 81920K, used 24484K [0x00000000c0000000, 0x0000000100000000)
  region size 1024K, 1 young (1024K), 0 survivors (0K)
 Metaspace       used 38977K, committed 39552K, reserved 1114112K
  class space    used 5142K, committed 5376K, reserved 1048576K
}
Event: 23704.376 GC heap after
{Heap after GC invocations=2228 (full 2218):
 garbage-first heap   total 81920K, used 24484K [0x00000000c0000000, 0x0000000100000000)
  region size 1024K, 0 young (0K), 0 survivors (0K)
 Metaspace       used 38977K, committed 39552K, reserved 1114112K
  class space    used 5142K, committed 5376K, reserved 1048576K
}
Event: 23714.960 GC heap before
{Heap before GC invocations=2228 (full 2218):
 garbage-first heap   total 81920K, used 24484K [0x00000000c0000000, 0x0000000100000000)
  region size 1024K, 1 young (1024K), 0 survivors (0K)
 Metaspace       used 38977K, committed 39552K, reserved 1114112K
  class space    used 5142K, committed 5376K, reserved 1048576K
}
Event: 23714.992 GC heap after
{Heap after GC invocations=2229 (full 2219):
 garbage-first heap   total 81920K, used 24484K [0x00000000c0000000, 0x0000000100000000)
  region size 1024K, 0 young (0K), 0 survivors (0K)
 Metaspace       used 38977K, committed 39552K, reserved 1114112K
  class space    used 5142K, committed 5376K, reserved 1048576K
}
Event: 23725.472 GC heap before
{Heap before GC invocations=2229 (full 2219):
 garbage-first heap   total 81920K, used 24484K [0x00000000c0000000, 0x0000000100000000)
  region size 1024K, 1 young (1024K), 0 survivors (0K)
 Metaspace       used 38977K, committed 39552K, reserved 1114112K
  class space    used 5142K, committed 5376K, reserved 1048576K
}
Event: 23725.502 GC heap after
{Heap after GC invocations=2230 (full 2220):
 garbage-first heap   total 81920K, used 24484K [0x00000000c0000000, 0x0000000100000000)
  region size 1024K, 0 young (0K), 0 survivors (0K)
 Metaspace       used 38977K, committed 39552K, reserved 1114112K
  class space    used 5142K, committed 5376K, reserved 1048576K
}
Event: 23735.982 GC heap before
{Heap before GC invocations=2230 (full 2220):
 garbage-first heap   total 81920K, used 24484K [0x00000000c0000000, 0x0000000100000000)
  region size 1024K, 1 young (1024K), 0 survivors (0K)
 Metaspace       used 38977K, committed 39552K, reserved 1114112K
  class space    used 5142K, committed 5376K, reserved 1048576K
}
Event: 23736.002 GC heap after
{Heap after GC invocations=2231 (full 2221):
 garbage-first heap   total 81920K, used 24484K [0x00000000c0000000, 0x0000000100000000)
  region size 1024K, 0 young (0K), 0 survivors (0K)
 Metaspace       used 38977K, committed 39552K, reserved 1114112K
  class space    used 5142K, committed 5376K, reserved 1048576K
}
Event: 23746.488 GC heap before
{Heap before GC invocations=2231 (full 2221):
 garbage-first heap   total 81920K, used 24484K [0x00000000c0000000, 0x0000000100000000)
  region size 1024K, 1 young (1024K), 0 survivors (0K)
 Metaspace       used 38977K, committed 39552K, reserved 1114112K
  class space    used 5142K, committed 5376K, reserved 1048576K
}
Event: 23746.513 GC heap after
{Heap after GC invocations=2232 (full 2222):
 garbage-first heap   total 81920K, used 24484K [0x00000000c0000000, 0x0000000100000000)
  region size 1024K, 0 young (0K), 0 survivors (0K)
 Metaspace       used 38977K, committed 39552K, reserved 1114112K
  class space    used 5142K, committed 5376K, reserved 1048576K
}
Event: 23757.408 GC heap before
{Heap before GC invocations=2232 (full 2222):
 garbage-first heap   total 81920K, used 24484K [0x00000000c0000000, 0x0000000100000000)
  region size 1024K, 1 young (1024K), 0 survivors (0K)
 Metaspace       used 38977K, committed 39552K, reserved 1114112K
  class space    used 5142K, committed 5376K, reserved 1048576K
}
Event: 23757.453 GC heap after
{Heap after GC invocations=2233 (full 2223):
 garbage-first heap   total 81920K, used 24484K [0x00000000c0000000, 0x0000000100000000)
  region size 1024K, 0 young (0K), 0 survivors (0K)
 Metaspace       used 38977K, committed 39552K, reserved 1114112K
  class space    used 5142K, committed 5376K, reserved 1048576K
}
Event: 23768.118 GC heap before
{Heap before GC invocations=2233 (full 2223):
 garbage-first heap   total 81920K, used 24484K [0x00000000c0000000, 0x0000000100000000)
  region size 1024K, 1 young (1024K), 0 survivors (0K)
 Metaspace       used 38977K, committed 39552K, reserved 1114112K
  class space    used 5142K, committed 5376K, reserved 1048576K
}
Event: 23768.158 GC heap after
{Heap after GC invocations=2234 (full 2224):
 garbage-first heap   total 81920K, used 24484K [0x00000000c0000000, 0x0000000100000000)
  region size 1024K, 0 young (0K), 0 survivors (0K)
 Metaspace       used 38977K, committed 39552K, reserved 1114112K
  class space    used 5142K, committed 5376K, reserved 1048576K
}

