# JRE version: OpenJDK Runtime Environment Temurin-17.0.10+7 (17.0.10+7) (build 17.0.10+7)
# Java VM: OpenJDK 64-Bit Server VM Temurin-17.0.10+7 (17.0.10+7, mixed mode, emulated-client, tiered, compressed oops, compressed class ptrs, g1 gc, windows-amd64)
GC Precious Log:
 CPUs: 8 total, 8 available
 Memory: 16315M
 Large Page Support: Disabled
 NUMA Support: Disabled
 Compressed Oops: Enabled (32-bit)
 Heap Region Size: 1M
 Heap Min Capacity: 8M
 Heap Initial Capacity: 256M
 Heap Max Capacity: 1G
 Pre-touch: Disabled
 Parallel Workers: 8
 Concurrent Workers: 2
 Concurrent Refinement Workers: 8
 Periodic GC: Disabled
Heap:
 garbage-first heap   total 78848K, used 28129K [0x00000000c0000000, 0x0000000100000000)
  region size 1024K, 1 young (1024K), 0 survivors (0K)
 Metaspace       used 39130K, committed 39552K, reserved 1114112K
  class space    used 5189K, committed 5376K, reserved 1048576K
GC Heap History (14 events):
Event: 1.510 GC heap before
{Heap before GC invocations=0 (full 0):
 garbage-first heap   total 262144K, used 28672K [0x00000000c0000000, 0x0000000100000000)
  region size 1024K, 23 young (23552K), 0 survivors (0K)
 Metaspace       used 7907K, committed 8064K, reserved 1114112K
  class space    used 854K, committed 960K, reserved 1048576K
}
Event: 1.516 GC heap after
{Heap after GC invocations=1 (full 0):
 garbage-first heap   total 262144K, used 16066K [0x00000000c0000000, 0x0000000100000000)
  region size 1024K, 3 young (3072K), 3 survivors (3072K)
 Metaspace       used 7907K, committed 8064K, reserved 1114112K
  class space    used 854K, committed 960K, reserved 1048576K
}
Event: 2.624 GC heap before
{Heap before GC invocations=1 (full 0):
 garbage-first heap   total 262144K, used 39618K [0x00000000c0000000, 0x0000000100000000)
  region size 1024K, 26 young (26624K), 3 survivors (3072K)
 Metaspace       used 13843K, committed 14016K, reserved 1114112K
  class space    used 1711K, committed 1792K, reserved 1048576K
}
Event: 2.628 GC heap after
{Heap after GC invocations=2 (full 0):
 garbage-first heap   total 262144K, used 17807K [0x00000000c0000000, 0x0000000100000000)
  region size 1024K, 2 young (2048K), 2 survivors (2048K)
 Metaspace       used 13843K, committed 14016K, reserved 1114112K
  class space    used 1711K, committed 1792K, reserved 1048576K
}
Event: 3.365 GC heap before
{Heap before GC invocations=2 (full 0):
 garbage-first heap   total 262144K, used 50575K [0x00000000c0000000, 0x0000000100000000)
  region size 1024K, 35 young (35840K), 2 survivors (2048K)
 Metaspace       used 21294K, committed 21504K, reserved 1114112K
  class space    used 2613K, committed 2752K, reserved 1048576K
}
Event: 3.371 GC heap after
{Heap after GC invocations=3 (full 0):
 garbage-first heap   total 262144K, used 20827K [0x00000000c0000000, 0x0000000100000000)
  region size 1024K, 5 young (5120K), 5 survivors (5120K)
 Metaspace       used 21294K, committed 21504K, reserved 1114112K
  class space    used 2613K, committed 2752K, reserved 1048576K
}
Event: 4.518 GC heap before
{Heap before GC invocations=4 (full 0):
 garbage-first heap   total 78848K, used 61787K [0x00000000c0000000, 0x0000000100000000)
  region size 1024K, 46 young (47104K), 5 survivors (5120K)
 Metaspace       used 28327K, committed 28608K, reserved 1114112K
  class space    used 3539K, committed 3648K, reserved 1048576K
}
Event: 4.527 GC heap after
{Heap after GC invocations=5 (full 0):
 garbage-first heap   total 78848K, used 23993K [0x00000000c0000000, 0x0000000100000000)
  region size 1024K, 6 young (6144K), 6 survivors (6144K)
 Metaspace       used 28327K, committed 28608K, reserved 1114112K
  class space    used 3539K, committed 3648K, reserved 1048576K
}
Event: 5.957 GC heap before
{Heap before GC invocations=5 (full 0):
 garbage-first heap   total 78848K, used 50617K [0x00000000c0000000, 0x0000000100000000)
  region size 1024K, 33 young (33792K), 6 survivors (6144K)
 Metaspace       used 32118K, committed 32512K, reserved 1114112K
  class space    used 4076K, committed 4288K, reserved 1048576K
}
Event: 5.972 GC heap after
{Heap after GC invocations=6 (full 0):
 garbage-first heap   total 78848K, used 27955K [0x00000000c0000000, 0x0000000100000000)
  region size 1024K, 4 young (4096K), 4 survivors (4096K)
 Metaspace       used 32118K, committed 32512K, reserved 1114112K
  class space    used 4076K, committed 4288K, reserved 1048576K
}
Event: 6.896 GC heap before
{Heap before GC invocations=6 (full 0):
 garbage-first heap   total 78848K, used 46387K [0x00000000c0000000, 0x0000000100000000)
  region size 1024K, 23 young (23552K), 4 survivors (4096K)
 Metaspace       used 35577K, committed 35968K, reserved 1114112K
  class space    used 4577K, committed 4736K, reserved 1048576K
}
Event: 6.904 GC heap after
{Heap after GC invocations=7 (full 0):
 garbage-first heap   total 78848K, used 28839K [0x00000000c0000000, 0x0000000100000000)
  region size 1024K, 2 young (2048K), 2 survivors (2048K)
 Metaspace       used 35577K, committed 35968K, reserved 1114112K
  class space    used 4577K, committed 4736K, reserved 1048576K
}
Event: 47.829 GC heap before
{Heap before GC invocations=8 (full 0):
 garbage-first heap   total 78848K, used 51367K [0x00000000c0000000, 0x0000000100000000)
  region size 1024K, 26 young (26624K), 2 survivors (2048K)
 Metaspace       used 39130K, committed 39552K, reserved 1114112K
  class space    used 5189K, committed 5376K, reserved 1048576K
}
Event: 47.906 GC heap after
{Heap after GC invocations=9 (full 1):
 garbage-first heap   total 78848K, used 28129K [0x00000000c0000000, 0x0000000100000000)
  region size 1024K, 0 young (0K), 0 survivors (0K)
 Metaspace       used 39130K, committed 39552K, reserved 1114112K
  class space    used 5189K, committed 5376K, reserved 1048576K
}

